2023-07-06 00:32:18 [restartedMain] INFO  c.pms.users.UserServiceApplication -
				Starting UserServiceApplication using Java 17.0.7 with PID 18652 (C:\Users\HP\git\repository\user-service\target\classes started by HP in C:\Users\HP\git\repository\user-service)
2023-07-06 00:32:18 [restartedMain] DEBUG c.pms.users.UserServiceApplication -
				Running with Spring Boot v3.1.0, Spring v6.0.9
2023-07-06 00:32:18 [restartedMain] INFO  c.pms.users.UserServiceApplication -
				No active profile set, falling back to 1 default profile: "default"
2023-07-06 00:32:21 [restartedMain] DEBUG com.pms.users.filter.JwtAuthFilter -
				Filter 'jwtAuthFilter' configured for use
2023-07-06 00:32:24 [restartedMain] INFO  c.pms.users.UserServiceApplication -
				Started UserServiceApplication in 6.687 seconds (process running for 7.952)
2023-07-06 17:21:33 [restartedMain] INFO  c.pms.users.UserServiceApplication -
				Starting UserServiceApplication using Java 17.0.7 with PID 20472 (C:\Users\HP\git\repository\user-service\target\classes started by HP in C:\Users\HP\git\repository\user-service)
2023-07-06 17:21:33 [restartedMain] DEBUG c.pms.users.UserServiceApplication -
				Running with Spring Boot v3.1.0, Spring v6.0.9
2023-07-06 17:21:33 [restartedMain] INFO  c.pms.users.UserServiceApplication -
				No active profile set, falling back to 1 default profile: "default"
2023-07-06 17:21:37 [restartedMain] DEBUG com.pms.users.filter.JwtAuthFilter -
				Filter 'jwtAuthFilter' configured for use
2023-07-06 17:21:39 [restartedMain] INFO  c.pms.users.UserServiceApplication -
				Started UserServiceApplication in 6.802 seconds (process running for 8.156)
2023-07-06 20:25:52 [restartedMain] INFO  c.pms.users.UserServiceApplication -
				Starting UserServiceApplication using Java 17.0.7 with PID 20472 (C:\Users\HP\git\repository\user-service\target\classes started by HP in C:\Users\HP\git\repository\user-service)
2023-07-06 20:25:52 [restartedMain] DEBUG c.pms.users.UserServiceApplication -
				Running with Spring Boot v3.1.0, Spring v6.0.9
2023-07-06 20:25:52 [restartedMain] INFO  c.pms.users.UserServiceApplication -
				No active profile set, falling back to 1 default profile: "default"
2023-07-06 20:25:57 [restartedMain] DEBUG com.pms.users.filter.JwtAuthFilter -
				Filter 'jwtAuthFilter' configured for use
2023-07-06 20:26:01 [restartedMain] INFO  c.pms.users.UserServiceApplication -
				Started UserServiceApplication in 8.885 seconds (process running for 11070.108)
2023-07-06 20:26:05 [restartedMain] INFO  c.pms.users.UserServiceApplication -
				Starting UserServiceApplication using Java 17.0.7 with PID 20472 (C:\Users\HP\git\repository\user-service\target\classes started by HP in C:\Users\HP\git\repository\user-service)
2023-07-06 20:26:05 [restartedMain] DEBUG c.pms.users.UserServiceApplication -
				Running with Spring Boot v3.1.0, Spring v6.0.9
2023-07-06 20:26:05 [restartedMain] INFO  c.pms.users.UserServiceApplication -
				No active profile set, falling back to 1 default profile: "default"
2023-07-06 20:26:07 [restartedMain] DEBUG com.pms.users.filter.JwtAuthFilter -
				Filter 'jwtAuthFilter' configured for use
2023-07-06 20:26:09 [restartedMain] INFO  c.pms.users.UserServiceApplication -
				Started UserServiceApplication in 4.854 seconds (process running for 11078.357)
2023-07-06 20:47:22 [restartedMain] INFO  c.pms.users.UserServiceApplication -
				Starting UserServiceApplication using Java 17.0.7 with PID 20472 (C:\Users\HP\git\repository\user-service\target\classes started by HP in C:\Users\HP\git\repository\user-service)
2023-07-06 20:47:22 [restartedMain] DEBUG c.pms.users.UserServiceApplication -
				Running with Spring Boot v3.1.0, Spring v6.0.9
2023-07-06 20:47:22 [restartedMain] INFO  c.pms.users.UserServiceApplication -
				No active profile set, falling back to 1 default profile: "default"
2023-07-06 20:47:23 [restartedMain] DEBUG com.pms.users.filter.JwtAuthFilter -
				Filter 'jwtAuthFilter' configured for use
2023-07-06 20:47:25 [restartedMain] INFO  c.pms.users.UserServiceApplication -
				Started UserServiceApplication in 2.366 seconds (process running for 12353.649)
