2023-07-04 00:07:51 [restartedMain] INFO  com.pms.supplier.SupplierApplication -
				Starting SupplierApplication using Java 17.0.7 on LAPTOP-LAEMEI2E with PID 3084 (C:\Users\HP\git\repository\supplier\target\classes started by HP in C:\Users\HP\git\repository\supplier)
2023-07-04 00:07:51 [restartedMain] DEBUG com.pms.supplier.SupplierApplication -
				Running with Spring Boot v2.7.12, Spring v5.3.27
2023-07-04 00:07:51 [restartedMain] INFO  com.pms.supplier.SupplierApplication -
				No active profile set, falling back to 1 default profile: "default"
2023-07-04 00:07:56 [restartedMain] INFO  com.pms.supplier.SupplierApplication -
				Started SupplierApplication in 6.095 seconds (JVM running for 7.324)
2023-07-04 01:53:27 [restartedMain] INFO  com.pms.supplier.SupplierApplication -
				Starting SupplierApplication using Java 17.0.7 on LAPTOP-LAEMEI2E with PID 3084 (C:\Users\HP\git\repository\supplier\target\classes started by HP in C:\Users\HP\git\repository\supplier)
2023-07-04 01:53:27 [restartedMain] DEBUG com.pms.supplier.SupplierApplication -
				Running with Spring Boot v2.7.12, Spring v5.3.27
2023-07-04 01:53:27 [restartedMain] INFO  com.pms.supplier.SupplierApplication -
				No active profile set, falling back to 1 default profile: "default"
2023-07-04 01:53:29 [restartedMain] INFO  com.pms.supplier.SupplierApplication -
				Started SupplierApplication in 2.427 seconds (JVM running for 6340.543)
2023-07-04 01:53:34 [restartedMain] INFO  com.pms.supplier.SupplierApplication -
				Starting SupplierApplication using Java 17.0.7 on LAPTOP-LAEMEI2E with PID 3084 (C:\Users\HP\git\repository\supplier\target\classes started by HP in C:\Users\HP\git\repository\supplier)
2023-07-04 01:53:34 [restartedMain] DEBUG com.pms.supplier.SupplierApplication -
				Running with Spring Boot v2.7.12, Spring v5.3.27
2023-07-04 01:53:34 [restartedMain] INFO  com.pms.supplier.SupplierApplication -
				No active profile set, falling back to 1 default profile: "default"
2023-07-04 01:53:36 [restartedMain] INFO  com.pms.supplier.SupplierApplication -
				Started SupplierApplication in 2.324 seconds (JVM running for 6347.045)
2023-07-04 01:57:31 [http-nio-8000-exec-1] DEBUG c.p.s.controller.supplyController -
				if list is null
2023-07-04 01:57:31 [http-nio-8000-exec-1] INFO  c.p.s.controller.supplyController -
				executed
2023-07-04 01:57:47 [http-nio-8000-exec-2] DEBUG c.p.s.controller.supplyController -
				if list is null
2023-07-04 01:57:47 [http-nio-8000-exec-2] INFO  c.p.s.controller.supplyController -
				executed
2023-07-04 02:01:23 [http-nio-8000-exec-3] DEBUG c.p.s.controller.supplyController -
				if list is null
2023-07-04 02:01:23 [http-nio-8000-exec-3] INFO  c.p.s.controller.supplyController -
				executed
2023-07-04 02:02:28 [http-nio-8000-exec-7] DEBUG c.p.s.controller.supplyController -
				if list is null
2023-07-04 02:02:28 [http-nio-8000-exec-7] INFO  c.p.s.controller.supplyController -
				executed
2023-07-04 02:06:04 [http-nio-8000-exec-8] DEBUG c.p.s.controller.supplyController -
				if list is null
2023-07-04 02:06:04 [http-nio-8000-exec-8] INFO  c.p.s.controller.supplyController -
				executed
2023-07-04 02:06:43 [http-nio-8000-exec-9] DEBUG c.p.s.controller.supplyController -
				if list is null
2023-07-04 02:06:43 [http-nio-8000-exec-9] INFO  c.p.s.controller.supplyController -
				executed
2023-07-04 02:09:58 [http-nio-8000-exec-1] DEBUG c.p.s.controller.supplyController -
				if list is null
2023-07-04 02:09:58 [http-nio-8000-exec-1] INFO  c.p.s.controller.supplyController -
				executed
2023-07-04 02:13:39 [http-nio-8000-exec-5] DEBUG c.p.s.controller.supplyController -
				if list is null
2023-07-04 02:13:39 [http-nio-8000-exec-5] INFO  c.p.s.controller.supplyController -
				executed
2023-07-04 02:16:29 [http-nio-8000-exec-4] DEBUG c.p.s.controller.supplyController -
				if list is null
2023-07-04 02:16:29 [http-nio-8000-exec-4] INFO  c.p.s.controller.supplyController -
				executed
2023-07-04 02:17:39 [http-nio-8000-exec-6] DEBUG c.p.s.controller.supplyController -
				if list is null
2023-07-04 02:17:39 [http-nio-8000-exec-6] INFO  c.p.s.controller.supplyController -
				executed
2023-07-04 02:19:16 [http-nio-8000-exec-9] DEBUG c.p.s.controller.supplyController -
				if list is null
2023-07-04 02:19:16 [http-nio-8000-exec-9] INFO  c.p.s.controller.supplyController -
				executed
2023-07-04 02:37:34 [http-nio-8000-exec-1] DEBUG c.p.s.controller.supplyController -
				if list is null
2023-07-04 02:37:34 [http-nio-8000-exec-1] INFO  c.p.s.controller.supplyController -
				executed
2023-07-04 02:38:28 [http-nio-8000-exec-2] DEBUG c.p.s.controller.supplyController -
				if list is null
2023-07-04 02:38:28 [http-nio-8000-exec-2] INFO  c.p.s.controller.supplyController -
				executed
2023-07-04 02:40:28 [http-nio-8000-exec-3] DEBUG c.p.s.controller.supplyController -
				if list is null
2023-07-04 02:40:28 [http-nio-8000-exec-3] INFO  c.p.s.controller.supplyController -
				executed
2023-07-04 02:41:41 [http-nio-8000-exec-6] DEBUG c.p.s.controller.supplyController -
				if list is null
2023-07-04 02:41:41 [http-nio-8000-exec-6] INFO  c.p.s.controller.supplyController -
				executed
2023-07-04 02:42:20 [http-nio-8000-exec-9] DEBUG c.p.s.controller.supplyController -
				if list is null
2023-07-04 02:42:20 [http-nio-8000-exec-9] INFO  c.p.s.controller.supplyController -
				executed
2023-07-04 13:15:28 [restartedMain] INFO  com.pms.supplier.SupplierApplication -
				Starting SupplierApplication using Java 17.0.7 on LAPTOP-LAEMEI2E with PID 10544 (C:\Users\HP\git\repository\supplier\target\classes started by HP in C:\Users\HP\git\repository\supplier)
2023-07-04 13:15:28 [restartedMain] DEBUG com.pms.supplier.SupplierApplication -
				Running with Spring Boot v2.7.12, Spring v5.3.27
2023-07-04 13:15:28 [restartedMain] INFO  com.pms.supplier.SupplierApplication -
				No active profile set, falling back to 1 default profile: "default"
2023-07-04 13:15:38 [restartedMain] INFO  com.pms.supplier.SupplierApplication -
				Started SupplierApplication in 11.162 seconds (JVM running for 13.148)
2023-07-04 13:31:26 [http-nio-8000-exec-3] DEBUG c.p.s.controller.supplyController -
				if list is null
2023-07-04 13:31:26 [http-nio-8000-exec-3] INFO  c.p.s.controller.supplyController -
				executed
2023-07-04 13:31:54 [http-nio-8000-exec-2] DEBUG c.p.s.controller.supplyController -
				if list is null
2023-07-04 13:31:54 [http-nio-8000-exec-2] INFO  c.p.s.controller.supplyController -
				executed
2023-07-04 13:33:46 [http-nio-8000-exec-9] DEBUG c.p.s.controller.supplyController -
				if list is null
2023-07-04 13:33:46 [http-nio-8000-exec-9] INFO  c.p.s.controller.supplyController -
				executed
2023-07-04 13:33:58 [http-nio-8000-exec-10] DEBUG c.p.s.controller.supplyController -
				if list is null
2023-07-04 13:33:58 [http-nio-8000-exec-10] INFO  c.p.s.controller.supplyController -
				executed
2023-07-04 13:34:31 [http-nio-8000-exec-1] DEBUG c.p.s.controller.supplyController -
				if list is null
2023-07-04 13:34:31 [http-nio-8000-exec-1] INFO  c.p.s.controller.supplyController -
				executed
2023-07-04 13:37:41 [http-nio-8000-exec-2] DEBUG c.p.s.controller.supplyController -
				if list is null
2023-07-04 13:37:41 [http-nio-8000-exec-2] INFO  c.p.s.controller.supplyController -
				executed
2023-07-04 14:11:14 [http-nio-8000-exec-7] DEBUG c.p.s.controller.supplyController -
				if list is null
2023-07-04 14:11:14 [http-nio-8000-exec-7] INFO  c.p.s.controller.supplyController -
				executed
2023-07-04 14:19:11 [http-nio-8000-exec-8] DEBUG c.p.s.controller.supplyController -
				if list is null
2023-07-04 14:19:11 [http-nio-8000-exec-8] INFO  c.p.s.controller.supplyController -
				executed
2023-07-04 14:23:03 [http-nio-8000-exec-3] DEBUG c.p.s.controller.supplyController -
				if list is null
2023-07-04 14:23:03 [http-nio-8000-exec-3] INFO  c.p.s.controller.supplyController -
				executed
2023-07-04 17:33:14 [restartedMain] INFO  com.pms.supplier.SupplierApplication -
				Starting SupplierApplication using Java 17.0.7 on LAPTOP-LAEMEI2E with PID 10544 (C:\Users\HP\git\repository\supplier\target\classes started by HP in C:\Users\HP\git\repository\supplier)
2023-07-04 17:33:14 [restartedMain] DEBUG com.pms.supplier.SupplierApplication -
				Running with Spring Boot v2.7.12, Spring v5.3.27
2023-07-04 17:33:14 [restartedMain] INFO  com.pms.supplier.SupplierApplication -
				No active profile set, falling back to 1 default profile: "default"
2023-07-04 17:33:17 [restartedMain] INFO  com.pms.supplier.SupplierApplication -
				Started SupplierApplication in 3.092 seconds (JVM running for 15471.937)
2023-07-04 17:37:57 [restartedMain] INFO  com.pms.supplier.SupplierApplication -
				Starting SupplierApplication using Java 17.0.7 on LAPTOP-LAEMEI2E with PID 10544 (C:\Users\HP\git\repository\supplier\target\classes started by HP in C:\Users\HP\git\repository\supplier)
2023-07-04 17:37:57 [restartedMain] DEBUG com.pms.supplier.SupplierApplication -
				Running with Spring Boot v2.7.12, Spring v5.3.27
2023-07-04 17:37:57 [restartedMain] INFO  com.pms.supplier.SupplierApplication -
				No active profile set, falling back to 1 default profile: "default"
2023-07-04 17:37:58 [restartedMain] INFO  com.pms.supplier.SupplierApplication -
				Started SupplierApplication in 1.302 seconds (JVM running for 15753.146)
2023-07-04 17:40:19 [restartedMain] INFO  com.pms.supplier.SupplierApplication -
				Starting SupplierApplication using Java 17.0.7 on LAPTOP-LAEMEI2E with PID 10544 (C:\Users\HP\git\repository\supplier\target\classes started by HP in C:\Users\HP\git\repository\supplier)
2023-07-04 17:40:19 [restartedMain] DEBUG com.pms.supplier.SupplierApplication -
				Running with Spring Boot v2.7.12, Spring v5.3.27
2023-07-04 17:40:19 [restartedMain] INFO  com.pms.supplier.SupplierApplication -
				No active profile set, falling back to 1 default profile: "default"
2023-07-04 17:40:20 [restartedMain] INFO  com.pms.supplier.SupplierApplication -
				Started SupplierApplication in 1.389 seconds (JVM running for 15895.722)
2023-07-04 17:41:07 [restartedMain] INFO  com.pms.supplier.SupplierApplication -
				Starting SupplierApplication using Java 17.0.7 on LAPTOP-LAEMEI2E with PID 10544 (C:\Users\HP\git\repository\supplier\target\classes started by HP in C:\Users\HP\git\repository\supplier)
2023-07-04 17:41:07 [restartedMain] DEBUG com.pms.supplier.SupplierApplication -
				Running with Spring Boot v2.7.12, Spring v5.3.27
2023-07-04 17:41:07 [restartedMain] INFO  com.pms.supplier.SupplierApplication -
				No active profile set, falling back to 1 default profile: "default"
