2023-07-06 00:31:55 [restartedMain] INFO  com.pms.supplier.SupplierApplication -
				Starting SupplierApplication using Java 17.0.7 on LAPTOP-LAEMEI2E with PID 14360 (C:\Users\HP\git\repository\supplier\target\classes started by HP in C:\Users\HP\git\repository\supplier)
2023-07-06 00:31:55 [restartedMain] DEBUG com.pms.supplier.SupplierApplication -
				Running with Spring Boot v2.7.12, Spring v5.3.27
2023-07-06 00:31:55 [restartedMain] INFO  com.pms.supplier.SupplierApplication -
				No active profile set, falling back to 1 default profile: "default"
2023-07-06 00:32:01 [restartedMain] INFO  com.pms.supplier.SupplierApplication -
				Started SupplierApplication in 6.227 seconds (JVM running for 7.421)
2023-07-06 00:36:30 [http-nio-8000-exec-5] DEBUG c.p.s.controller.supplyController -
				if list is null
2023-07-06 00:36:30 [http-nio-8000-exec-5] INFO  c.p.s.controller.supplyController -
				executed
2023-07-06 00:42:10 [restartedMain] INFO  com.pms.supplier.SupplierApplication -
				Starting SupplierApplication using Java 17.0.7 on LAPTOP-LAEMEI2E with PID 14360 (C:\Users\HP\git\repository\supplier\target\classes started by HP in C:\Users\HP\git\repository\supplier)
2023-07-06 00:42:10 [restartedMain] DEBUG com.pms.supplier.SupplierApplication -
				Running with Spring Boot v2.7.12, Spring v5.3.27
2023-07-06 00:42:10 [restartedMain] INFO  com.pms.supplier.SupplierApplication -
				No active profile set, falling back to 1 default profile: "default"
2023-07-06 00:42:12 [restartedMain] INFO  com.pms.supplier.SupplierApplication -
				Started SupplierApplication in 2.288 seconds (JVM running for 618.582)
2023-07-06 00:42:16 [restartedMain] INFO  com.pms.supplier.SupplierApplication -
				Starting SupplierApplication using Java 17.0.7 on LAPTOP-LAEMEI2E with PID 14360 (C:\Users\HP\git\repository\supplier\target\classes started by HP in C:\Users\HP\git\repository\supplier)
2023-07-06 00:42:16 [restartedMain] DEBUG com.pms.supplier.SupplierApplication -
				Running with Spring Boot v2.7.12, Spring v5.3.27
2023-07-06 00:42:16 [restartedMain] INFO  com.pms.supplier.SupplierApplication -
				No active profile set, falling back to 1 default profile: "default"
2023-07-06 00:42:17 [restartedMain] INFO  com.pms.supplier.SupplierApplication -
				Started SupplierApplication in 1.359 seconds (JVM running for 624.026)
2023-07-06 00:43:34 [restartedMain] INFO  com.pms.supplier.SupplierApplication -
				Starting SupplierApplication using Java 17.0.7 on LAPTOP-LAEMEI2E with PID 14360 (C:\Users\HP\git\repository\supplier\target\classes started by HP in C:\Users\HP\git\repository\supplier)
2023-07-06 00:43:34 [restartedMain] DEBUG com.pms.supplier.SupplierApplication -
				Running with Spring Boot v2.7.12, Spring v5.3.27
2023-07-06 00:43:34 [restartedMain] INFO  com.pms.supplier.SupplierApplication -
				No active profile set, falling back to 1 default profile: "default"
2023-07-06 00:43:36 [restartedMain] INFO  com.pms.supplier.SupplierApplication -
				Started SupplierApplication in 1.347 seconds (JVM running for 702.308)
2023-07-06 00:46:29 [restartedMain] INFO  com.pms.supplier.SupplierApplication -
				Starting SupplierApplication using Java 17.0.7 on LAPTOP-LAEMEI2E with PID 14360 (C:\Users\HP\git\repository\supplier\target\classes started by HP in C:\Users\HP\git\repository\supplier)
2023-07-06 00:46:29 [restartedMain] DEBUG com.pms.supplier.SupplierApplication -
				Running with Spring Boot v2.7.12, Spring v5.3.27
2023-07-06 00:46:29 [restartedMain] INFO  com.pms.supplier.SupplierApplication -
				No active profile set, falling back to 1 default profile: "default"
2023-07-06 00:46:30 [restartedMain] INFO  com.pms.supplier.SupplierApplication -
				Started SupplierApplication in 1.376 seconds (JVM running for 876.904)
2023-07-06 00:48:32 [restartedMain] INFO  com.pms.supplier.SupplierApplication -
				Starting SupplierApplication using Java 17.0.7 on LAPTOP-LAEMEI2E with PID 14360 (C:\Users\HP\git\repository\supplier\target\classes started by HP in C:\Users\HP\git\repository\supplier)
2023-07-06 00:48:32 [restartedMain] DEBUG com.pms.supplier.SupplierApplication -
				Running with Spring Boot v2.7.12, Spring v5.3.27
2023-07-06 00:48:32 [restartedMain] INFO  com.pms.supplier.SupplierApplication -
				No active profile set, falling back to 1 default profile: "default"
2023-07-06 00:48:33 [restartedMain] INFO  com.pms.supplier.SupplierApplication -
				Started SupplierApplication in 1.569 seconds (JVM running for 1000.101)
2023-07-06 00:50:48 [restartedMain] INFO  com.pms.supplier.SupplierApplication -
				Starting SupplierApplication using Java 17.0.7 on LAPTOP-LAEMEI2E with PID 14360 (C:\Users\HP\git\repository\supplier\target\classes started by HP in C:\Users\HP\git\repository\supplier)
2023-07-06 00:50:48 [restartedMain] DEBUG com.pms.supplier.SupplierApplication -
				Running with Spring Boot v2.7.12, Spring v5.3.27
2023-07-06 00:50:48 [restartedMain] INFO  com.pms.supplier.SupplierApplication -
				No active profile set, falling back to 1 default profile: "default"
2023-07-06 00:50:50 [restartedMain] INFO  com.pms.supplier.SupplierApplication -
				Started SupplierApplication in 1.529 seconds (JVM running for 1136.562)
2023-07-06 00:51:56 [restartedMain] INFO  com.pms.supplier.SupplierApplication -
				Starting SupplierApplication using Java 17.0.7 on LAPTOP-LAEMEI2E with PID 14360 (C:\Users\HP\git\repository\supplier\target\classes started by HP in C:\Users\HP\git\repository\supplier)
2023-07-06 00:51:56 [restartedMain] DEBUG com.pms.supplier.SupplierApplication -
				Running with Spring Boot v2.7.12, Spring v5.3.27
2023-07-06 00:51:56 [restartedMain] INFO  com.pms.supplier.SupplierApplication -
				No active profile set, falling back to 1 default profile: "default"
2023-07-06 00:51:57 [restartedMain] INFO  com.pms.supplier.SupplierApplication -
				Started SupplierApplication in 1.272 seconds (JVM running for 1203.581)
2023-07-06 00:52:46 [restartedMain] INFO  com.pms.supplier.SupplierApplication -
				Starting SupplierApplication using Java 17.0.7 on LAPTOP-LAEMEI2E with PID 14360 (C:\Users\HP\git\repository\supplier\target\classes started by HP in C:\Users\HP\git\repository\supplier)
2023-07-06 00:52:46 [restartedMain] DEBUG com.pms.supplier.SupplierApplication -
				Running with Spring Boot v2.7.12, Spring v5.3.27
2023-07-06 00:52:46 [restartedMain] INFO  com.pms.supplier.SupplierApplication -
				No active profile set, falling back to 1 default profile: "default"
2023-07-06 00:52:48 [restartedMain] INFO  com.pms.supplier.SupplierApplication -
				Started SupplierApplication in 1.352 seconds (JVM running for 1254.325)
2023-07-06 00:56:37 [http-nio-8000-exec-3] DEBUG c.p.s.controller.supplyController -
				if list is null
2023-07-06 00:56:37 [http-nio-8000-exec-3] INFO  c.p.s.controller.supplyController -
				executed
2023-07-06 00:57:06 [http-nio-8000-exec-4] DEBUG c.p.s.controller.supplyController -
				if list is null
2023-07-06 00:57:06 [http-nio-8000-exec-4] INFO  c.p.s.controller.supplyController -
				executed
2023-07-06 01:00:54 [http-nio-8000-exec-6] DEBUG c.p.s.controller.supplyController -
				if list is null
2023-07-06 01:00:54 [http-nio-8000-exec-6] INFO  c.p.s.controller.supplyController -
				executed
2023-07-06 01:02:47 [http-nio-8000-exec-1] DEBUG c.p.s.controller.supplyController -
				if list is null
2023-07-06 01:02:47 [http-nio-8000-exec-1] INFO  c.p.s.controller.supplyController -
				executed
2023-07-06 01:02:54 [http-nio-8000-exec-2] DEBUG c.p.s.controller.supplyController -
				if list is null
2023-07-06 01:02:54 [http-nio-8000-exec-2] INFO  c.p.s.controller.supplyController -
				executed
2023-07-06 01:03:23 [http-nio-8000-exec-4] DEBUG c.p.s.controller.supplyController -
				if list is null
2023-07-06 01:03:23 [http-nio-8000-exec-4] INFO  c.p.s.controller.supplyController -
				executed
2023-07-06 01:09:10 [http-nio-8000-exec-7] DEBUG c.p.s.controller.supplyController -
				if list is null
2023-07-06 01:09:10 [http-nio-8000-exec-7] INFO  c.p.s.controller.supplyController -
				executed
2023-07-06 01:12:13 [http-nio-8000-exec-9] DEBUG c.p.s.controller.supplyController -
				if list is null
2023-07-06 01:12:13 [http-nio-8000-exec-9] INFO  c.p.s.controller.supplyController -
				executed
2023-07-06 01:12:59 [http-nio-8000-exec-10] DEBUG c.p.s.controller.supplyController -
				if list is null
2023-07-06 01:12:59 [http-nio-8000-exec-10] INFO  c.p.s.controller.supplyController -
				executed
2023-07-06 01:40:25 [http-nio-8000-exec-2] DEBUG c.p.s.controller.supplyController -
				if list is null
2023-07-06 01:40:25 [http-nio-8000-exec-2] INFO  c.p.s.controller.supplyController -
				executed
2023-07-06 01:41:51 [http-nio-8000-exec-4] DEBUG c.p.s.controller.supplyController -
				if list is null
2023-07-06 01:41:51 [http-nio-8000-exec-4] INFO  c.p.s.controller.supplyController -
				executed
2023-07-06 01:44:08 [http-nio-8000-exec-6] DEBUG c.p.s.controller.supplyController -
				if list is null
2023-07-06 01:44:08 [http-nio-8000-exec-6] INFO  c.p.s.controller.supplyController -
				executed
2023-07-06 01:48:46 [http-nio-8000-exec-8] DEBUG c.p.s.controller.supplyController -
				if list is null
2023-07-06 01:48:46 [http-nio-8000-exec-8] INFO  c.p.s.controller.supplyController -
				executed
2023-07-06 01:55:45 [restartedMain] INFO  com.pms.supplier.SupplierApplication -
				Starting SupplierApplication using Java 17.0.7 on LAPTOP-LAEMEI2E with PID 14360 (C:\Users\HP\git\repository\supplier\target\classes started by HP in C:\Users\HP\git\repository\supplier)
2023-07-06 01:55:45 [restartedMain] DEBUG com.pms.supplier.SupplierApplication -
				Running with Spring Boot v2.7.12, Spring v5.3.27
2023-07-06 01:55:45 [restartedMain] INFO  com.pms.supplier.SupplierApplication -
				No active profile set, falling back to 1 default profile: "default"
2023-07-06 01:55:46 [restartedMain] INFO  com.pms.supplier.SupplierApplication -
				Started SupplierApplication in 1.686 seconds (JVM running for 5032.729)
2023-07-06 02:10:42 [http-nio-8000-exec-3] DEBUG c.p.s.controller.supplyController -
				if list is null
2023-07-06 02:10:42 [http-nio-8000-exec-3] INFO  c.p.s.controller.supplyController -
				executed
