2023-07-06 02:11:01 [http-nio-8000-exec-5] DEBUG c.p.s.controller.supplyController -
				if list is null
2023-07-06 02:11:01 [http-nio-8000-exec-5] INFO  c.p.s.controller.supplyController -
				executed
2023-07-06 02:14:38 [http-nio-8000-exec-2] DEBUG c.p.s.controller.supplyController -
				if list is null
2023-07-06 02:14:38 [http-nio-8000-exec-2] INFO  c.p.s.controller.supplyController -
				executed
2023-07-06 02:37:44 [http-nio-8000-exec-10] DEBUG c.p.s.controller.supplyController -
				if list is null
2023-07-06 02:37:44 [http-nio-8000-exec-10] INFO  c.p.s.controller.supplyController -
				executed
2023-07-06 02:38:10 [http-nio-8000-exec-3] DEBUG c.p.s.controller.supplyController -
				if list is null
2023-07-06 02:38:10 [http-nio-8000-exec-3] INFO  c.p.s.controller.supplyController -
				executed
2023-07-06 02:38:25 [http-nio-8000-exec-5] DEBUG c.p.s.controller.supplyController -
				if list is null
2023-07-06 02:38:25 [http-nio-8000-exec-5] INFO  c.p.s.controller.supplyController -
				executed
2023-07-06 02:41:56 [http-nio-8000-exec-7] DEBUG c.p.s.controller.supplyController -
				if list is null
2023-07-06 02:41:56 [http-nio-8000-exec-7] INFO  c.p.s.controller.supplyController -
				executed
2023-07-06 02:42:28 [http-nio-8000-exec-10] DEBUG c.p.s.controller.supplyController -
				if list is null
2023-07-06 02:42:28 [http-nio-8000-exec-10] INFO  c.p.s.controller.supplyController -
				executed
2023-07-06 02:43:57 [http-nio-8000-exec-2] DEBUG c.p.s.controller.supplyController -
				if list is null
2023-07-06 02:43:57 [http-nio-8000-exec-2] INFO  c.p.s.controller.supplyController -
				executed
2023-07-06 02:46:53 [http-nio-8000-exec-4] DEBUG c.p.s.controller.supplyController -
				if list is null
2023-07-06 02:46:53 [http-nio-8000-exec-4] INFO  c.p.s.controller.supplyController -
				executed
2023-07-06 02:51:26 [http-nio-8000-exec-6] DEBUG c.p.s.controller.supplyController -
				if list is null
2023-07-06 02:51:26 [http-nio-8000-exec-6] INFO  c.p.s.controller.supplyController -
				executed
2023-07-06 02:52:33 [http-nio-8000-exec-8] DEBUG c.p.s.controller.supplyController -
				if list is null
2023-07-06 02:52:33 [http-nio-8000-exec-8] INFO  c.p.s.controller.supplyController -
				executed
2023-07-06 02:53:27 [http-nio-8000-exec-9] DEBUG c.p.s.controller.supplyController -
				if list is null
2023-07-06 02:53:27 [http-nio-8000-exec-9] INFO  c.p.s.controller.supplyController -
				executed
2023-07-06 02:53:33 [http-nio-8000-exec-10] DEBUG c.p.s.controller.supplyController -
				if list is null
2023-07-06 02:53:33 [http-nio-8000-exec-10] INFO  c.p.s.controller.supplyController -
				executed
2023-07-06 03:00:30 [http-nio-8000-exec-6] DEBUG c.p.s.controller.supplyController -
				if list is null
2023-07-06 03:00:30 [http-nio-8000-exec-6] INFO  c.p.s.controller.supplyController -
				executed
2023-07-06 17:19:04 [restartedMain] INFO  com.pms.supplier.SupplierApplication -
				Starting SupplierApplication using Java 17.0.7 on LAPTOP-LAEMEI2E with PID 9076 (C:\Users\HP\git\repository\supplier\target\classes started by HP in C:\Users\HP\git\repository\supplier)
2023-07-06 17:19:04 [restartedMain] DEBUG com.pms.supplier.SupplierApplication -
				Running with Spring Boot v2.7.12, Spring v5.3.27
2023-07-06 17:19:04 [restartedMain] INFO  com.pms.supplier.SupplierApplication -
				No active profile set, falling back to 1 default profile: "default"
2023-07-06 17:19:10 [restartedMain] INFO  com.pms.supplier.SupplierApplication -
				Started SupplierApplication in 6.486 seconds (JVM running for 7.793)
