2023-07-03 02:08:51 [restartedMain] INFO  c.pms.users.UserServiceApplication -
				Starting UserServiceApplication using Java 17.0.7 with PID 5728 (C:\Users\HP\git\repository\user-service\target\classes started by HP in C:\Users\HP\git\repository\user-service)
2023-07-03 02:08:51 [restartedMain] DEBUG c.pms.users.UserServiceApplication -
				Running with Spring Boot v3.1.0, Spring v6.0.9
2023-07-03 02:08:51 [restartedMain] INFO  c.pms.users.UserServiceApplication -
				No active profile set, falling back to 1 default profile: "default"
2023-07-03 02:08:54 [restartedMain] DEBUG com.pms.users.filter.JwtAuthFilter -
				Filter 'jwtAuthFilter' configured for use
2023-07-03 02:08:57 [restartedMain] INFO  c.pms.users.UserServiceApplication -
				Started UserServiceApplication in 6.505 seconds (process running for 8.032)
2023-07-03 12:08:54 [restartedMain] INFO  c.pms.users.UserServiceApplication -
				Starting UserServiceApplication using Java 17.0.7 with PID 10764 (C:\Users\HP\git\repository\user-service\target\classes started by HP in C:\Users\HP\git\repository\user-service)
2023-07-03 12:08:54 [restartedMain] DEBUG c.pms.users.UserServiceApplication -
				Running with Spring Boot v3.1.0, Spring v6.0.9
2023-07-03 12:08:54 [restartedMain] INFO  c.pms.users.UserServiceApplication -
				No active profile set, falling back to 1 default profile: "default"
2023-07-03 12:08:57 [restartedMain] DEBUG com.pms.users.filter.JwtAuthFilter -
				Filter 'jwtAuthFilter' configured for use
2023-07-03 12:09:00 [restartedMain] INFO  c.pms.users.UserServiceApplication -
				Started UserServiceApplication in 6.409 seconds (process running for 7.567)
2023-07-03 12:28:17 [restartedMain] INFO  c.pms.users.UserServiceApplication -
				Starting UserServiceApplication using Java 17.0.7 with PID 3092 (C:\Users\HP\git\repository\user-service\target\classes started by HP in C:\Users\HP\git\repository\user-service)
2023-07-03 12:28:17 [restartedMain] DEBUG c.pms.users.UserServiceApplication -
				Running with Spring Boot v3.1.0, Spring v6.0.9
2023-07-03 12:28:17 [restartedMain] INFO  c.pms.users.UserServiceApplication -
				No active profile set, falling back to 1 default profile: "default"
2023-07-03 12:28:20 [restartedMain] DEBUG com.pms.users.filter.JwtAuthFilter -
				Filter 'jwtAuthFilter' configured for use
2023-07-03 12:28:23 [restartedMain] INFO  c.pms.users.UserServiceApplication -
				Started UserServiceApplication in 6.576 seconds (process running for 7.68)
2023-07-03 14:10:16 [restartedMain] INFO  c.pms.users.UserServiceApplication -
				Starting UserServiceApplication using Java 17.0.7 with PID 3092 (C:\Users\HP\git\repository\user-service\target\classes started by HP in C:\Users\HP\git\repository\user-service)
2023-07-03 14:10:16 [restartedMain] DEBUG c.pms.users.UserServiceApplication -
				Running with Spring Boot v3.1.0, Spring v6.0.9
2023-07-03 14:10:16 [restartedMain] INFO  c.pms.users.UserServiceApplication -
				No active profile set, falling back to 1 default profile: "default"
2023-07-03 14:10:18 [restartedMain] DEBUG com.pms.users.filter.JwtAuthFilter -
				Filter 'jwtAuthFilter' configured for use
2023-07-03 14:10:19 [restartedMain] INFO  c.pms.users.UserServiceApplication -
				Started UserServiceApplication in 2.779 seconds (process running for 6121.285)
2023-07-03 17:50:14 [restartedMain] INFO  c.pms.users.UserServiceApplication -
				Starting UserServiceApplication using Java 17.0.7 with PID 20268 (C:\Users\HP\git\repository\user-service\target\classes started by HP in C:\Users\HP\git\repository\user-service)
2023-07-03 17:50:14 [restartedMain] DEBUG c.pms.users.UserServiceApplication -
				Running with Spring Boot v3.1.0, Spring v6.0.9
2023-07-03 17:50:14 [restartedMain] INFO  c.pms.users.UserServiceApplication -
				No active profile set, falling back to 1 default profile: "default"
2023-07-03 17:50:17 [restartedMain] DEBUG com.pms.users.filter.JwtAuthFilter -
				Filter 'jwtAuthFilter' configured for use
2023-07-03 17:50:19 [restartedMain] INFO  c.pms.users.UserServiceApplication -
				Started UserServiceApplication in 5.88 seconds (process running for 7.167)
