2023-07-05 02:27:06 [restartedMain] INFO  c.pms.users.UserServiceApplication -
				Starting UserServiceApplication using Java 17.0.7 with PID 17664 (C:\Users\HP\git\repository\user-service\target\classes started by HP in C:\Users\HP\git\repository\user-service)
2023-07-05 02:27:06 [restartedMain] DEBUG c.pms.users.UserServiceApplication -
				Running with Spring Boot v3.1.0, Spring v6.0.9
2023-07-05 02:27:06 [restartedMain] INFO  c.pms.users.UserServiceApplication -
				No active profile set, falling back to 1 default profile: "default"
2023-07-05 02:27:07 [restartedMain] DEBUG com.pms.users.filter.JwtAuthFilter -
				Filter 'jwtAuthFilter' configured for use
2023-07-05 02:27:08 [restartedMain] INFO  c.pms.users.UserServiceApplication -
				Started UserServiceApplication in 2.458 seconds (process running for 9305.577)
2023-07-05 02:27:12 [restartedMain] INFO  c.pms.users.UserServiceApplication -
				Starting UserServiceApplication using Java 17.0.7 with PID 17664 (C:\Users\HP\git\repository\user-service\target\classes started by HP in C:\Users\HP\git\repository\user-service)
2023-07-05 02:27:12 [restartedMain] DEBUG c.pms.users.UserServiceApplication -
				Running with Spring Boot v3.1.0, Spring v6.0.9
2023-07-05 02:27:12 [restartedMain] INFO  c.pms.users.UserServiceApplication -
				No active profile set, falling back to 1 default profile: "default"
2023-07-05 02:27:13 [restartedMain] DEBUG com.pms.users.filter.JwtAuthFilter -
				Filter 'jwtAuthFilter' configured for use
2023-07-05 02:27:14 [restartedMain] INFO  c.pms.users.UserServiceApplication -
				Started UserServiceApplication in 1.747 seconds (process running for 9311.405)
2023-07-05 02:27:57 [restartedMain] INFO  c.pms.users.UserServiceApplication -
				Starting UserServiceApplication using Java 17.0.7 with PID 17664 (C:\Users\HP\git\repository\user-service\target\classes started by HP in C:\Users\HP\git\repository\user-service)
2023-07-05 02:27:57 [restartedMain] DEBUG c.pms.users.UserServiceApplication -
				Running with Spring Boot v3.1.0, Spring v6.0.9
2023-07-05 02:27:57 [restartedMain] INFO  c.pms.users.UserServiceApplication -
				No active profile set, falling back to 1 default profile: "default"
2023-07-05 02:27:58 [restartedMain] DEBUG com.pms.users.filter.JwtAuthFilter -
				Filter 'jwtAuthFilter' configured for use
2023-07-05 02:27:59 [restartedMain] INFO  c.pms.users.UserServiceApplication -
				Started UserServiceApplication in 1.8 seconds (process running for 9356.445)
2023-07-05 13:12:48 [restartedMain] INFO  c.pms.users.UserServiceApplication -
				Starting UserServiceApplication using Java 17.0.7 with PID 21784 (C:\Users\HP\git\repository\user-service\target\classes started by HP in C:\Users\HP\git\repository\user-service)
2023-07-05 13:12:48 [restartedMain] DEBUG c.pms.users.UserServiceApplication -
				Running with Spring Boot v3.1.0, Spring v6.0.9
2023-07-05 13:12:48 [restartedMain] INFO  c.pms.users.UserServiceApplication -
				No active profile set, falling back to 1 default profile: "default"
2023-07-05 13:12:52 [restartedMain] DEBUG com.pms.users.filter.JwtAuthFilter -
				Filter 'jwtAuthFilter' configured for use
2023-07-05 13:12:54 [restartedMain] INFO  c.pms.users.UserServiceApplication -
				Started UserServiceApplication in 6.933 seconds (process running for 8.158)
2023-07-05 20:57:26 [restartedMain] INFO  c.pms.users.UserServiceApplication -
				Starting UserServiceApplication using Java 17.0.7 with PID 9840 (C:\Users\HP\git\repository\user-service\target\classes started by HP in C:\Users\HP\git\repository\user-service)
2023-07-05 20:57:26 [restartedMain] DEBUG c.pms.users.UserServiceApplication -
				Running with Spring Boot v3.1.0, Spring v6.0.9
2023-07-05 20:57:26 [restartedMain] INFO  c.pms.users.UserServiceApplication -
				No active profile set, falling back to 1 default profile: "default"
2023-07-05 20:57:30 [restartedMain] DEBUG com.pms.users.filter.JwtAuthFilter -
				Filter 'jwtAuthFilter' configured for use
2023-07-05 20:57:33 [restartedMain] INFO  c.pms.users.UserServiceApplication -
				Started UserServiceApplication in 6.942 seconds (process running for 8.161)
