2023-07-04 00:13:13 [restartedMain] INFO  c.pms.users.UserServiceApplication -
				Starting UserServiceApplication using Java 17.0.7 with PID 6992 (C:\Users\HP\git\repository\user-service\target\classes started by HP in C:\Users\HP\git\repository\user-service)
2023-07-04 00:13:13 [restartedMain] DEBUG c.pms.users.UserServiceApplication -
				Running with Spring Boot v3.1.0, Spring v6.0.9
2023-07-04 00:13:13 [restartedMain] INFO  c.pms.users.UserServiceApplication -
				No active profile set, falling back to 1 default profile: "default"
2023-07-04 00:13:20 [restartedMain] DEBUG com.pms.users.filter.JwtAuthFilter -
				Filter 'jwtAuthFilter' configured for use
2023-07-04 00:13:27 [restartedMain] INFO  c.pms.users.UserServiceApplication -
				Started UserServiceApplication in 14.771 seconds (process running for 16.82)
2023-07-04 13:15:07 [restartedMain] INFO  c.pms.users.UserServiceApplication -
				Starting UserServiceApplication using Java 17.0.7 with PID 20400 (C:\Users\HP\git\repository\user-service\target\classes started by HP in C:\Users\HP\git\repository\user-service)
2023-07-04 13:15:07 [restartedMain] DEBUG c.pms.users.UserServiceApplication -
				Running with Spring Boot v3.1.0, Spring v6.0.9
2023-07-04 13:15:07 [restartedMain] INFO  c.pms.users.UserServiceApplication -
				No active profile set, falling back to 1 default profile: "default"
2023-07-04 13:15:15 [restartedMain] DEBUG com.pms.users.filter.JwtAuthFilter -
				Filter 'jwtAuthFilter' configured for use
2023-07-04 13:15:20 [restartedMain] INFO  c.pms.users.UserServiceApplication -
				Started UserServiceApplication in 13.561 seconds (process running for 15.309)
2023-07-04 20:36:20 [restartedMain] INFO  c.pms.users.UserServiceApplication -
				Starting UserServiceApplication using Java 17.0.7 with PID 10236 (C:\Users\HP\git\repository\user-service\target\classes started by HP in C:\Users\HP\git\repository\user-service)
2023-07-04 20:36:20 [restartedMain] DEBUG c.pms.users.UserServiceApplication -
				Running with Spring Boot v3.1.0, Spring v6.0.9
2023-07-04 20:36:20 [restartedMain] INFO  c.pms.users.UserServiceApplication -
				No active profile set, falling back to 1 default profile: "default"
2023-07-04 20:36:23 [restartedMain] DEBUG com.pms.users.filter.JwtAuthFilter -
				Filter 'jwtAuthFilter' configured for use
2023-07-04 20:36:26 [restartedMain] INFO  c.pms.users.UserServiceApplication -
				Started UserServiceApplication in 6.736 seconds (process running for 8.045)
2023-07-04 23:52:04 [restartedMain] INFO  c.pms.users.UserServiceApplication -
				Starting UserServiceApplication using Java 17.0.7 with PID 17664 (C:\Users\HP\git\repository\user-service\target\classes started by HP in C:\Users\HP\git\repository\user-service)
2023-07-04 23:52:04 [restartedMain] DEBUG c.pms.users.UserServiceApplication -
				Running with Spring Boot v3.1.0, Spring v6.0.9
2023-07-04 23:52:04 [restartedMain] INFO  c.pms.users.UserServiceApplication -
				No active profile set, falling back to 1 default profile: "default"
2023-07-04 23:52:07 [restartedMain] DEBUG com.pms.users.filter.JwtAuthFilter -
				Filter 'jwtAuthFilter' configured for use
2023-07-04 23:52:09 [restartedMain] INFO  c.pms.users.UserServiceApplication -
				Started UserServiceApplication in 5.7 seconds (process running for 7.014)
