2023-07-02 01:03:33 [restartedMain] INFO  c.pms.users.UserServiceApplication -
				Starting UserServiceApplication using Java 17.0.7 with PID 15612 (C:\Users\HP\git\repository\user-service\target\classes started by HP in C:\Users\HP\git\repository\user-service)
2023-07-02 01:03:33 [restartedMain] DEBUG c.pms.users.UserServiceApplication -
				Running with Spring Boot v3.1.0, Spring v6.0.9
2023-07-02 01:03:33 [restartedMain] INFO  c.pms.users.UserServiceApplication -
				No active profile set, falling back to 1 default profile: "default"
2023-07-02 01:03:34 [restartedMain] DEBUG com.pms.users.filter.JwtAuthFilter -
				Filter 'jwtAuthFilter' configured for use
2023-07-02 01:03:35 [restartedMain] INFO  c.pms.users.UserServiceApplication -
				Started UserServiceApplication in 1.744 seconds (process running for 645.895)
2023-07-02 01:18:34 [restartedMain] INFO  c.pms.users.UserServiceApplication -
				Starting UserServiceApplication using Java 17.0.7 with PID 15612 (C:\Users\HP\git\repository\user-service\target\classes started by HP in C:\Users\HP\git\repository\user-service)
2023-07-02 01:18:34 [restartedMain] DEBUG c.pms.users.UserServiceApplication -
				Running with Spring Boot v3.1.0, Spring v6.0.9
2023-07-02 01:18:34 [restartedMain] INFO  c.pms.users.UserServiceApplication -
				No active profile set, falling back to 1 default profile: "default"
2023-07-02 01:18:35 [restartedMain] DEBUG com.pms.users.filter.JwtAuthFilter -
				Filter 'jwtAuthFilter' configured for use
2023-07-02 01:18:36 [restartedMain] INFO  c.pms.users.UserServiceApplication -
				Started UserServiceApplication in 2.134 seconds (process running for 1547.642)
2023-07-02 12:05:22 [restartedMain] INFO  c.pms.users.UserServiceApplication -
				Starting UserServiceApplication using Java 17.0.7 with PID 7064 (C:\Users\HP\git\repository\user-service\target\classes started by HP in C:\Users\HP\git\repository\user-service)
2023-07-02 12:05:22 [restartedMain] DEBUG c.pms.users.UserServiceApplication -
				Running with Spring Boot v3.1.0, Spring v6.0.9
2023-07-02 12:05:22 [restartedMain] INFO  c.pms.users.UserServiceApplication -
				No active profile set, falling back to 1 default profile: "default"
2023-07-02 12:05:25 [restartedMain] DEBUG com.pms.users.filter.JwtAuthFilter -
				Filter 'jwtAuthFilter' configured for use
2023-07-02 12:05:28 [restartedMain] INFO  c.pms.users.UserServiceApplication -
				Started UserServiceApplication in 6.969 seconds (process running for 8.389)
2023-07-02 14:17:17 [restartedMain] INFO  c.pms.users.UserServiceApplication -
				Starting UserServiceApplication using Java 17.0.7 with PID 12648 (C:\Users\HP\git\repository\user-service\target\classes started by HP in C:\Users\HP\git\repository\user-service)
2023-07-02 14:17:17 [restartedMain] DEBUG c.pms.users.UserServiceApplication -
				Running with Spring Boot v3.1.0, Spring v6.0.9
2023-07-02 14:17:17 [restartedMain] INFO  c.pms.users.UserServiceApplication -
				No active profile set, falling back to 1 default profile: "default"
2023-07-02 14:17:21 [restartedMain] DEBUG com.pms.users.filter.JwtAuthFilter -
				Filter 'jwtAuthFilter' configured for use
2023-07-02 14:17:24 [restartedMain] INFO  c.pms.users.UserServiceApplication -
				Started UserServiceApplication in 7.081 seconds (process running for 8.358)
