2023-07-04 13:15:40 [restartedMain] INFO  c.p.orders.OrdersServiceApplication -
				Starting OrdersServiceApplication using Java 17.0.7 with PID 21168 (C:\Users\HP\git\repository\orders-service\target\classes started by HP in C:\Users\HP\git\repository\orders-service)
2023-07-04 13:15:40 [restartedMain] DEBUG c.p.orders.OrdersServiceApplication -
				Running with Spring Boot v3.1.0, Spring v6.0.9
2023-07-04 13:15:40 [restartedMain] INFO  c.p.orders.OrdersServiceApplication -
				No active profile set, falling back to 1 default profile: "default"
2023-07-04 13:15:47 [restartedMain] INFO  c.p.orders.OrdersServiceApplication -
				Started OrdersServiceApplication in 7.963 seconds (process running for 9.708)
2023-07-04 13:33:34 [restartedMain] INFO  c.p.orders.OrdersServiceApplication -
				Starting OrdersServiceApplication using Java 17.0.7 with PID 21168 (C:\Users\HP\git\repository\orders-service\target\classes started by HP in C:\Users\HP\git\repository\orders-service)
2023-07-04 13:33:34 [restartedMain] DEBUG c.p.orders.OrdersServiceApplication -
				Running with Spring Boot v3.1.0, Spring v6.0.9
2023-07-04 13:33:34 [restartedMain] INFO  c.p.orders.OrdersServiceApplication -
				No active profile set, falling back to 1 default profile: "default"
2023-07-04 13:33:37 [restartedMain] INFO  c.p.orders.OrdersServiceApplication -
				Started OrdersServiceApplication in 3.605 seconds (process running for 1079.937)
2023-07-04 13:33:41 [restartedMain] INFO  c.p.orders.OrdersServiceApplication -
				Starting OrdersServiceApplication using Java 17.0.7 with PID 21168 (C:\Users\HP\git\repository\orders-service\target\classes started by HP in C:\Users\HP\git\repository\orders-service)
2023-07-04 13:33:41 [restartedMain] DEBUG c.p.orders.OrdersServiceApplication -
				Running with Spring Boot v3.1.0, Spring v6.0.9
2023-07-04 13:33:41 [restartedMain] INFO  c.p.orders.OrdersServiceApplication -
				No active profile set, falling back to 1 default profile: "default"
2023-07-04 13:33:43 [restartedMain] INFO  c.p.orders.OrdersServiceApplication -
				Started OrdersServiceApplication in 2.365 seconds (process running for 1085.972)
2023-07-04 20:37:40 [restartedMain] INFO  c.p.orders.OrdersServiceApplication -
				Starting OrdersServiceApplication using Java 17.0.7 with PID 14728 (C:\Users\HP\git\repository\orders-service\target\classes started by HP in C:\Users\HP\git\repository\orders-service)
2023-07-04 20:37:40 [restartedMain] DEBUG c.p.orders.OrdersServiceApplication -
				Running with Spring Boot v3.1.0, Spring v6.0.9
2023-07-04 20:37:40 [restartedMain] INFO  c.p.orders.OrdersServiceApplication -
				No active profile set, falling back to 1 default profile: "default"
2023-07-04 20:37:45 [restartedMain] INFO  c.p.orders.OrdersServiceApplication -
				Started OrdersServiceApplication in 5.551 seconds (process running for 6.854)
2023-07-04 23:51:56 [restartedMain] INFO  c.p.orders.OrdersServiceApplication -
				Starting OrdersServiceApplication using Java 17.0.7 with PID 20892 (C:\Users\HP\git\repository\orders-service\target\classes started by HP in C:\Users\HP\git\repository\orders-service)
2023-07-04 23:51:56 [restartedMain] DEBUG c.p.orders.OrdersServiceApplication -
				Running with Spring Boot v3.1.0, Spring v6.0.9
2023-07-04 23:51:56 [restartedMain] INFO  c.p.orders.OrdersServiceApplication -
				No active profile set, falling back to 1 default profile: "default"
2023-07-04 23:52:02 [restartedMain] INFO  c.p.orders.OrdersServiceApplication -
				Started OrdersServiceApplication in 6.447 seconds (process running for 7.497)
